#
# A fatal error has been detected by the Java Runtime Environment:
#
#  EXCEPTION_ACCESS_VIOLATION (0xc0000005) at pc=0x000001638dad05af, pid=6660, tid=15256
#
# JRE version: Java(TM) SE Runtime Environment (18.0.1.1+2) (build 18.0.1.1+2-6)
# Java VM: Java HotSpot(TM) 64-Bit Server VM (18.0.1.1+2-6, mixed mode, sharing, tiered, compressed oops, compressed class ptrs, g1 gc, windows-amd64)
# Problematic frame:
# v  ~BufferBlob::MethodHandles adapters
#
# No core dump will be written. Minidumps are not enabled by default on client versions of Windows
#
# If you would like to submit a bug report, please visit:
#   https://bugreport.java.com/bugreport/crash.jsp
#

---------------  S U M M A R Y ------------

Command Line: -XX:+ShowCodeDetailsInExceptionMessages -agentlib:jdwp=transport=dt_socket,suspend=y,address=localhost:53967 -javaagent:C:\Users\vvpro\eclipse\java-2022-03\eclipse\configuration\org.eclipse.osgi\225\0\.cp\lib\javaagent-shaded.jar -Dfile.encoding=UTF-8 com.med.rest.domain.RestApplication

Host: AMD Ryzen 3 3300X 4-Core Processor             , 8 cores, 7G,  Windows 11 , 64 bit Build 22000 (10.0.22000.1335)
Time: Sun Jan 29 18:17:18 2023 Hora oficial do Brasil elapsed time: 42.699247 seconds (0d 0h 0m 42s)

---------------  T H R E A D  ---------------

Current thread (0x00000163ab4c18c0):  JavaThread "restartedMain" [_thread_in_Java, id=15256, stack(0x0000004da3700000,0x0000004da3800000)]

Stack: [0x0000004da3700000,0x0000004da3800000],  sp=0x0000004da37fdf08,  free space=1015k
Native frames: (J=compiled Java code, j=interpreted, Vv=VM code, C=native code)
C  0x000001638dad05af


siginfo: EXCEPTION_ACCESS_VIOLATION (0xc0000005), reading address 0xffffffffffffffff


Register to memory mapping:

RIP=0x000001638dad05af is at begin+71 in a stub
MethodHandle::interpreter_entry::_linkToSpecial [0x000001638dad0568, 0x000001638dad05b7] (79 bytes)
RAX=0x000001638da99efa is at code_begin+3482 in an Interpreter codelet
return entry points  [0x000001638da99160, 0x000001638da9b380]  8736 bytes
RBX=0x8314f42800000000 is an unknown value
RCX=0x0000004da37fdf10 is pointing into the stack for thread: 0x00000163ab4c18c0
RDX=0x0000000000000002 is an unknown value
RSP=0x0000004da37fdf08 is pointing into the stack for thread: 0x00000163ab4c18c0
RBP=0x0000004da37fdf58 is pointing into the stack for thread: 0x00000163ab4c18c0
RSI=0x00000163a91fd388 points into unknown readable memory: 0x800010005e68d22f | 2f d2 68 5e 00 10 00 80
RDI=0x00000163ab20cf40 points into unknown readable memory: 0x0000001800000070 | 70 00 00 00 18 00 00 00
R8 =0x0000000000000004 is an unknown value
R9 =0x0000000000000004 is an unknown value
R10=0x0000000800000000 is pointing into metadata
R11={method} {0x00000008000c8c38} 'newInvokeSpecial' '(Ljava/lang/Object;)Ljava/lang/Object;' in 'java/lang/invoke/DirectMethodHandle$Holder'
R12=0x0 is NULL
R13=0x0000004da37fdf08 is pointing into the stack for thread: 0x00000163ab4c18c0
R14=0x0000004da37fdf78 is pointing into the stack for thread: 0x00000163ab4c18c0
R15=0x00000163ab4c18c0 is a thread


Registers:
RAX=0x000001638da99efa, RBX=0x8314f42800000000, RCX=0x0000004da37fdf10, RDX=0x0000000000000002
RSP=0x0000004da37fdf08, RBP=0x0000004da37fdf58, RSI=0x00000163a91fd388, RDI=0x00000163ab20cf40
R8 =0x0000000000000004, R9 =0x0000000000000004, R10=0x0000000800000000, R11=0x00000008000c8c30
R12=0x0000000000000000, R13=0x0000004da37fdf08, R14=0x0000004da37fdf78, R15=0x00000163ab4c18c0
RIP=0x000001638dad05af, EFLAGS=0x0000000000010246

Top of Stack: (sp=0x0000004da37fdf08)
0x0000004da37fdf08:   000001638da99efa 0000004da37fdf10
0x0000004da37fdf18:   00000008006decaf 0000004da37fdf78
0x0000004da37fdf28:   00000008000c49e8 00000163a471b398
0x0000004da37fdf38:   0000000080fddf80 00000008000c8c30
0x0000004da37fdf48:   0000004da37fdf08 0000004da37fdf80
0x0000004da37fdf58:   0000004da37fe328 000001638e3ed556
0x0000004da37fdf68:   000000008314f330 000000008314f3d8
0x0000004da37fdf78:   000000008314f390 00007fff617275b8
0x0000004da37fdf88:   0000000086201440 0000004da37fe328
0x0000004da37fdf98:   000001638e08a1fc 0000000085b07640
0x0000004da37fdfa8:   0000000081637468 000000008314f118
0x0000004da37fdfb8:   00007fff6125068e 0000004da37fe328
0x0000004da37fdfc8:   000001638e81c8fc 0000000000000000
0x0000004da37fdfd8:   0000000000000000 0000004da37fe2d0
0x0000004da37fdfe8:   000001638e641cb6 000000008314f030
0x0000004da37fdff8:   00007fff6124cbe6 000000008314f118 

Instructions: (pc=0x000001638dad05af)
0x000001638dad04af:   8b 5b 28 8b 5b 24 48 8b 5b 10 48 85 db 0f 84 10
0x000001638dad04bf:   00 00 00 41 80 bf 80 04 00 00 00 74 03 ff 63 38
0x000001638dad04cf:   ff 63 50 e9 29 16 00 00 66 0f 1f 84 00 00 00 00
0x000001638dad04df:   00 48 8b 53 08 0f b7 52 2c 48 8b 0c d4 58 5b 50
0x000001638dad04ef:   44 8b 51 08 49 bb 00 00 00 00 08 00 00 00 4d 03
0x000001638dad04ff:   d3 4c 8b 5b 10 4b 8b 9c da b8 01 00 00 48 85 db
0x000001638dad050f:   0f 84 10 00 00 00 41 80 bf 80 04 00 00 00 74 03
0x000001638dad051f:   ff 63 38 ff 63 50 e9 d6 15 00 00 66 66 66 0f 1f
0x000001638dad052f:   84 00 00 00 00 00 66 66 66 0f 1f 84 00 00 00 00
0x000001638dad053f:   00 58 5b 50 8b 5b 24 48 8b 5b 10 48 85 db 0f 84
0x000001638dad054f:   10 00 00 00 41 80 bf 80 04 00 00 00 74 03 ff 63
0x000001638dad055f:   38 ff 63 50 e9 98 15 00 00 66 66 66 0f 1f 84 00
0x000001638dad056f:   00 00 00 00 0f 1f 80 00 00 00 00 66 0f 1f 44 00
0x000001638dad057f:   00 48 8b 53 08 0f b7 52 2c 48 8b 0c d4 58 5b 50
0x000001638dad058f:   48 3b 01 8b 5b 24 48 8b 5b 10 48 85 db 0f 84 10
0x000001638dad059f:   00 00 00 41 80 bf 80 04 00 00 00 74 03 ff 63 38
0x000001638dad05af:   ff 63 50 e9 49 15 00 00 66 0f 1f 84 00 00 00 00
0x000001638dad05bf:   00 48 8b 53 08 0f b7 52 2c 48 8b 0c d4 58 5b 50
0x000001638dad05cf:   44 8b 51 08 49 bb 00 00 00 00 08 00 00 00 4d 03
0x000001638dad05df:   d3 8b 43 18 48 8b 40 10 48 8b 5b 10 45 8b 9a a0
0x000001638dad05ef:   00 00 00 4f 8d 9c da b8 01 00 00 4d 8d 14 da 49
0x000001638dad05ff:   8b 1b 48 3b c3 74 15 48 85 db 0f 84 32 00 00 00
0x000001638dad060f:   49 83 c3 10 49 8b 1b 48 3b c3 75 eb 45 8b 5b 08
0x000001638dad061f:   4b 8b 1c 1a 48 85 db 0f 84 10 00 00 00 41 80 bf
0x000001638dad062f:   80 04 00 00 00 74 03 ff 63 38 ff 63 50 e9 bf 14
0x000001638dad063f:   00 00 e9 ba 11 00 00 f4 00 00 00 00 00 00 00 00
0x000001638dad064f:   00 00 00 00 00 00 00 00 00 00 00 00 00 00 00 00
0x000001638dad065f:   00 00 00 00 00 00 00 00 00 00 00 00 00 00 00 00
0x000001638dad066f:   00 00 00 00 00 00 00 00 00 00 00 00 00 00 00 00
0x000001638dad067f:   00 00 00 00 00 00 00 00 00 00 00 00 00 00 00 00
0x000001638dad068f:   00 00 00 00 00 00 00 00 00 00 00 00 00 00 00 00
0x000001638dad069f:   00 00 00 00 00 00 00 00 00 00 00 00 00 00 00 00 


Stack slot to memory mapping:
stack at sp + 0 slots: 0x000001638da99efa is at code_begin+3482 in an Interpreter codelet
return entry points  [0x000001638da99160, 0x000001638da9b380]  8736 bytes
stack at sp + 1 slots: 0x0000004da37fdf10 is pointing into the stack for thread: 0x00000163ab4c18c0
stack at sp + 2 slots: 0x00000008006decaf is pointing into metadata
stack at sp + 3 slots: 0x0000004da37fdf78 is pointing into the stack for thread: 0x00000163ab4c18c0
stack at sp + 4 slots: 0x00000008000c49e8 is pointing into metadata
stack at sp + 5 slots: 0x00000163a471b398 is pointing into metadata
stack at sp + 6 slots: 0x0000000080fddf80 is an oop: java.lang.Class 
{0x0000000080fddf80} - klass: 'java/lang/Class'
 - ---- fields (total size 14 words):
 - private volatile transient 'classRedefinedCount' 'I' @12  0
 - abstract internal 'klass' 'J' @16  34360542728 (c4608 8)
 - abstract internal 'array_klass' 'J' @24  0 (0 0)
 - abstract internal 'oop_size' 'I' @32  14 (e)
 - abstract internal 'static_oop_field_count' 'I' @36  0
 - private volatile transient 'cachedConstructor' 'Ljava/lang/reflect/Constructor;' @40  NULL (0)
 - private transient 'name' 'Ljava/lang/String;' @44  NULL (0)
 - private transient 'module' 'Ljava/lang/Module;' @48  a 'java/lang/Module'{0x0000000081000e78} (81000e78)
 - private final 'classLoader' 'Ljava/lang/ClassLoader;' @52  NULL (0)
 - private transient 'classData' 'Ljava/lang/Object;' @56  NULL (0)
 - private transient 'packageName' 'Ljava/lang/String;' @60  NULL (0)
 - private final 'componentType' 'Ljava/lang/Class;' @64  NULL (0)
 - private volatile transient 'reflectionData' 'Ljava/lang/ref/SoftReference;' @68  NULL (0)
 - private volatile transient 'genericInfo' 'Lsun/reflect/generics/repository/ClassRepository;' @72  NULL (0)
 - private volatile transient 'enumConstants' '[Ljava/lang/Object;' @76  NULL (0)
 - private volatile transient 'enumConstantDirectory' 'Ljava/util/Map;' @80  NULL (0)
 - private volatile transient 'annotationData' 'Ljava/lang/Class$AnnotationData;' @84  NULL (0)
 - private volatile transient 'annotationType' 'Lsun/reflect/annotation/AnnotationType;' @88  NULL (0)
 - transient 'classValueMap' 'Ljava/lang/ClassValue$ClassValueMap;' @92  NULL (0)
 - abstract internal 'protection_domain' 'Ljava/lang/Object;' @96  NULL (0)
 - abstract internal 'signers_name' 'Ljava/lang/Object;' @100  NULL (0)
 - abstract internal 'source_file' 'Ljava/lang/Object;' @104  NULL (0)
 - signature: Ljava/lang/invoke/DirectMethodHandle$Holder;
 - ---- static fields (0):
stack at sp + 7 slots: {method} {0x00000008000c8c38} 'newInvokeSpecial' '(Ljava/lang/Object;)Ljava/lang/Object;' in 'java/lang/invoke/DirectMethodHandle$Holder'

MethodHandle::interpreter_entry::_linkToSpecial [0x000001638dad0568, 0x000001638dad05b7] (79 bytes)
[MachCode]
  0x000001638dad0568: 6666 660f | 1f84 0000 | 0000 000f | 1f80 0000 | 0000 660f | 1f44 0000 | 488b 5308 | 0fb7 522c 
  0x000001638dad0588: 488b 0cd4 | 585b 5048 | 3b01 8b5b | 2448 8b5b | 1048 85db | 0f84 1000 | 0000 4180 | bf80 0400 
  0x000001638dad05a8: 0000 7403 | ff63 38ff | 6350 e949 | 
[/MachCode]

---------------  P R O C E S S  ---------------

Threads class SMR info:
_java_thread_list=0x00000163aafa6520, length=26, elements={
0x00000163a43405e0, 0x00000163a4340f80, 0x00000163a435fb80, 0x00000163a4360430,
0x00000163a4360dd0, 0x00000163a436a1a0, 0x00000163a4375640, 0x00000163a4376740,
0x00000163a4387e00, 0x00000163a432b5b0, 0x00000163a87745f0, 0x00000163a8713330,
0x00000163a86e4e20, 0x00000163a8f102a0, 0x00000163ad9c13c0, 0x00000163ab4c2c00,
0x00000163ab4bfbe0, 0x00000163ab4c3f40, 0x00000163a88820b0, 0x00000163ab4c18c0,
0x00000163aef63e60, 0x00000163ab4bf710, 0x00000163ab4bcbc0, 0x00000163ab4c1d90,
0x00000163ab4c2260, 0x00000163ab4c3a70
}

Java Threads: ( => current thread )
  0x00000163a43405e0 JavaThread "Reference Handler" daemon [_thread_blocked, id=6064, stack(0x0000004da1e00000,0x0000004da1f00000)]
  0x00000163a4340f80 JavaThread "Finalizer" daemon [_thread_blocked, id=14844, stack(0x0000004da1f00000,0x0000004da2000000)]
  0x00000163a435fb80 JavaThread "Signal Dispatcher" daemon [_thread_blocked, id=2172, stack(0x0000004da2000000,0x0000004da2100000)]
  0x00000163a4360430 JavaThread "Attach Listener" daemon [_thread_blocked, id=14300, stack(0x0000004da2100000,0x0000004da2200000)]
  0x00000163a4360dd0 JavaThread "Service Thread" daemon [_thread_blocked, id=4152, stack(0x0000004da2200000,0x0000004da2300000)]
  0x00000163a436a1a0 JavaThread "Monitor Deflation Thread" daemon [_thread_blocked, id=14632, stack(0x0000004da2300000,0x0000004da2400000)]
  0x00000163a4375640 JavaThread "C2 CompilerThread0" daemon [_thread_blocked, id=11836, stack(0x0000004da2400000,0x0000004da2500000)]
  0x00000163a4376740 JavaThread "C1 CompilerThread0" daemon [_thread_blocked, id=4204, stack(0x0000004da2500000,0x0000004da2600000)]
  0x00000163a4387e00 JavaThread "Sweeper thread" daemon [_thread_blocked, id=1496, stack(0x0000004da2600000,0x0000004da2700000)]
  0x00000163a432b5b0 JavaThread "Common-Cleaner" daemon [_thread_blocked, id=2324, stack(0x0000004da2700000,0x0000004da2800000)]
  0x00000163a87745f0 JavaThread "JDWP Transport Listener: dt_socket" daemon [_thread_blocked, id=9188, stack(0x0000004da2800000,0x0000004da2900000)]
  0x00000163a8713330 JavaThread "JDWP Event Helper Thread" daemon [_thread_blocked, id=10324, stack(0x0000004da2900000,0x0000004da2a00000)]
  0x00000163a86e4e20 JavaThread "JDWP Command Reader" daemon [_thread_in_native, id=8380, stack(0x0000004da2a00000,0x0000004da2b00000)]
  0x00000163a8f102a0 JavaThread "Notification Thread" daemon [_thread_blocked, id=15816, stack(0x0000004da2c00000,0x0000004da2d00000)]
  0x00000163ad9c13c0 JavaThread "mysql-cj-abandoned-connection-cleanup" daemon [_thread_blocked, id=3872, stack(0x0000004da3c00000,0x0000004da3d00000)]
  0x00000163ab4c2c00 JavaThread "Live Reload Server" daemon [_thread_in_native, id=2992, stack(0x0000004da4200000,0x0000004da4300000)]
  0x00000163ab4bfbe0 JavaThread "DestroyJavaVM" [_thread_blocked, id=4188, stack(0x0000004da1700000,0x0000004da1800000)]
  0x00000163ab4c3f40 JavaThread "Thread-5" [_thread_blocked, id=2056, stack(0x0000004da3600000,0x0000004da3700000)]
  0x00000163a88820b0 JavaThread "C2 CompilerThread1" daemon [_thread_blocked, id=2480, stack(0x0000004da3900000,0x0000004da3a00000)]
=>0x00000163ab4c18c0 JavaThread "restartedMain" [_thread_in_Java, id=15256, stack(0x0000004da3700000,0x0000004da3800000)]
  0x00000163aef63e60 JavaThread "C2 CompilerThread2" daemon [_thread_blocked, id=12644, stack(0x0000004da3a00000,0x0000004da3b00000)]
  0x00000163ab4bf710 JavaThread "Catalina-utility-1" [_thread_blocked, id=2292, stack(0x0000004da3b00000,0x0000004da3c00000)]
  0x00000163ab4bcbc0 JavaThread "Catalina-utility-2" [_thread_blocked, id=7192, stack(0x0000004da3e00000,0x0000004da3f00000)]
  0x00000163ab4c1d90 JavaThread "container-0" [_thread_blocked, id=10016, stack(0x0000004da3f00000,0x0000004da4000000)]
  0x00000163ab4c2260 JavaThread "HikariPool-2 housekeeper" daemon [_thread_blocked, id=17364, stack(0x0000004da4000000,0x0000004da4100000)]
  0x00000163ab4c3a70 JavaThread "HikariPool-2 connection adder" daemon [_thread_blocked, id=14684, stack(0x0000004da4100000,0x0000004da4200000)]

Other Threads:
  0x00000163861e05c0 VMThread "VM Thread" [stack: 0x0000004da1d00000,0x0000004da1e00000] [id=17048] _threads_hazard_ptr=0x00000163aafa6520
  0x00000163861611d0 WatcherThread "VM Periodic Task Thread" [stack: 0x0000004da2d00000,0x0000004da2e00000] [id=9608]
  0x00000163861c0060 WorkerThread "GC Thread#0" [stack: 0x0000004da1800000,0x0000004da1900000] [id=8872]
  0x00000163a91e2820 WorkerThread "GC Thread#1" [stack: 0x0000004da2e00000,0x0000004da2f00000] [id=15948]
  0x00000163a91b1350 WorkerThread "GC Thread#2" [stack: 0x0000004da2f00000,0x0000004da3000000] [id=16964]
  0x00000163a92a4a50 WorkerThread "GC Thread#3" [stack: 0x0000004da3000000,0x0000004da3100000] [id=15088]
  0x00000163a92b0550 WorkerThread "GC Thread#4" [stack: 0x0000004da3100000,0x0000004da3200000] [id=11052]
  0x00000163a900a130 WorkerThread "GC Thread#5" [stack: 0x0000004da3200000,0x0000004da3300000] [id=4368]
  0x00000163a8fa68c0 WorkerThread "GC Thread#6" [stack: 0x0000004da3300000,0x0000004da3400000] [id=12012]
  0x00000163a9219840 WorkerThread "GC Thread#7" [stack: 0x0000004da3400000,0x0000004da3500000] [id=4728]
  0x00000163861d1710 ConcurrentGCThread "G1 Main Marker" [stack: 0x0000004da1900000,0x0000004da1a00000] [id=14616]
  0x00000163861d2100 WorkerThread "G1 Conc#0" [stack: 0x0000004da1a00000,0x0000004da1b00000] [id=10964]
  0x00000163ab3ca180 WorkerThread "G1 Conc#1" [stack: 0x0000004da3800000,0x0000004da3900000] [id=680]
  0x00000163a41f80b0 ConcurrentGCThread "G1 Refine#0" [stack: 0x0000004da1b00000,0x0000004da1c00000] [id=15388]
  0x000001638621e9d0 ConcurrentGCThread "G1 Service" [stack: 0x0000004da1c00000,0x0000004da1d00000] [id=9544]

Threads with active compile tasks:

VM state: synchronizing (normal execution)

VM Mutex/Monitor currently owned by a thread:  ([mutex/lock_event])
[0x000001638615b910] Threads_lock - owner thread: 0x00000163861e05c0

Heap address: 0x0000000080c00000, size: 2036 MB, Compressed Oops mode: 32-bit

CDS archive(s) mapped at: [0x0000000800000000-0x0000000800ba0000-0x0000000800ba0000), size 12189696, SharedBaseAddress: 0x0000000800000000, ArchiveRelocationMode: 0.
Compressed class space mapped at: 0x0000000800c00000-0x0000000840c00000, reserved size: 1073741824
Narrow klass base: 0x0000000800000000, Narrow klass shift: 0, Narrow klass range: 0x100000000

GC Precious Log:
 CardTable entry size: 512
 Card Set container configuration: InlinePtr #cards 5 size 8 Array Of Cards #cards 12 size 40 Howl #buckets 4 coarsen threshold 1843 Howl Bitmap #cards 512 size 80 coarsen threshold 460 Card regions per heap region 1 cards per card region 2048
 CPUs: 8 total, 8 available
 Memory: 8143M
 Large Page Support: Disabled
 NUMA Support: Disabled
 Compressed Oops: Enabled (32-bit)
 Heap Region Size: 1M
 Heap Min Capacity: 8M
 Heap Initial Capacity: 128M
 Heap Max Capacity: 2036M
 Pre-touch: Disabled
 Parallel Workers: 8
 Concurrent Workers: 2
 Concurrent Refinement Workers: 8
 Periodic GC: Disabled

Heap:
 garbage-first heap   total 89088K, used 70474K [0x0000000080c00000, 0x0000000100000000)
  region size 1024K, 46 young (47104K), 0 survivors (0K)
 Metaspace       used 64285K, committed 64960K, reserved 1114112K
  class space    used 8403K, committed 8768K, reserved 1048576K

Heap Regions: E=young(eden), S=young(survivor), O=old, HS=humongous(starts), HC=humongous(continues), CS=collection set, F=free, OA=open archive, CA=closed archive, TAMS=top-at-mark-start (previous, next)
|   0|0x0000000080c00000, 0x0000000080d00000, 0x0000000080d00000|100%|HS|  |TAMS 0x0000000080d00000, 0x0000000080c00000| Untracked 
|   1|0x0000000080d00000, 0x0000000080e00000, 0x0000000080e00000|100%| O|  |TAMS 0x0000000080e00000, 0x0000000080d00000| Untracked 
|   2|0x0000000080e00000, 0x0000000080f00000, 0x0000000080f00000|100%| O|  |TAMS 0x0000000080f00000, 0x0000000080e00000| Untracked 
|   3|0x0000000080f00000, 0x0000000081000000, 0x0000000081000000|100%| O|  |TAMS 0x0000000081000000, 0x0000000080f00000| Untracked 
|   4|0x0000000081000000, 0x0000000081100000, 0x0000000081100000|100%| O|  |TAMS 0x0000000081100000, 0x0000000081000000| Untracked 
|   5|0x0000000081100000, 0x00000000811ffff8, 0x0000000081200000| 99%| O|  |TAMS 0x0000000081100000, 0x0000000081100000| Untracked 
|   6|0x0000000081200000, 0x00000000812ffff8, 0x0000000081300000| 99%| O|  |TAMS 0x0000000081200000, 0x0000000081200000| Untracked 
|   7|0x0000000081300000, 0x0000000081400000, 0x0000000081400000|100%| O|  |TAMS 0x0000000081400000, 0x0000000081300000| Untracked 
|   8|0x0000000081400000, 0x00000000814ffff0, 0x0000000081500000| 99%| O|  |TAMS 0x0000000081400000, 0x0000000081400000| Untracked 
|   9|0x0000000081500000, 0x00000000815ffff8, 0x0000000081600000| 99%| O|  |TAMS 0x0000000081500000, 0x0000000081500000| Untracked 
|  10|0x0000000081600000, 0x0000000081700000, 0x0000000081700000|100%| O|  |TAMS 0x0000000081600000, 0x0000000081600000| Untracked 
|  11|0x0000000081700000, 0x00000000817fffb8, 0x0000000081800000| 99%| O|  |TAMS 0x0000000081700000, 0x0000000081700000| Untracked 
|  12|0x0000000081800000, 0x00000000818ffff0, 0x0000000081900000| 99%| O|  |TAMS 0x0000000081800000, 0x0000000081800000| Untracked 
|  13|0x0000000081900000, 0x00000000819fffe8, 0x0000000081a00000| 99%| O|  |TAMS 0x0000000081900000, 0x0000000081900000| Untracked 
|  14|0x0000000081a00000, 0x0000000081afee38, 0x0000000081b00000| 99%| O|  |TAMS 0x0000000081a00000, 0x0000000081a00000| Untracked 
|  15|0x0000000081b00000, 0x0000000081bbebf0, 0x0000000081c00000| 74%| O|  |TAMS 0x0000000081b00000, 0x0000000081b00000| Untracked 
|  16|0x0000000081c00000, 0x0000000081cd8090, 0x0000000081d00000| 84%| O|  |TAMS 0x0000000081c00000, 0x0000000081c00000| Untracked 
|  17|0x0000000081d00000, 0x0000000081dffff8, 0x0000000081e00000| 99%| O|  |TAMS 0x0000000081d00000, 0x0000000081d00000| Untracked 
|  18|0x0000000081e00000, 0x0000000081effff8, 0x0000000081f00000| 99%| O|  |TAMS 0x0000000081e00000, 0x0000000081e00000| Untracked 
|  19|0x0000000081f00000, 0x0000000081ffff58, 0x0000000082000000| 99%| O|  |TAMS 0x0000000081f00000, 0x0000000081f00000| Untracked 
|  20|0x0000000082000000, 0x0000000082100000, 0x0000000082100000|100%| O|  |TAMS 0x0000000082100000, 0x0000000082000000| Untracked 
|  21|0x0000000082100000, 0x0000000082163f78, 0x0000000082200000| 39%| O|  |TAMS 0x0000000082100000, 0x0000000082100000| Untracked 
|  22|0x0000000082200000, 0x0000000082200000, 0x0000000082300000|  0%| F|  |TAMS 0x0000000082200000, 0x0000000082200000| Untracked 
|  23|0x0000000082300000, 0x0000000082300000, 0x0000000082400000|  0%| F|  |TAMS 0x0000000082300000, 0x0000000082300000| Untracked 
|  24|0x0000000082400000, 0x0000000082400000, 0x0000000082500000|  0%| F|  |TAMS 0x0000000082400000, 0x0000000082400000| Untracked 
|  25|0x0000000082500000, 0x0000000082500000, 0x0000000082600000|  0%| F|  |TAMS 0x0000000082500000, 0x0000000082500000| Untracked 
|  26|0x0000000082600000, 0x0000000082600000, 0x0000000082700000|  0%| F|  |TAMS 0x0000000082600000, 0x0000000082600000| Untracked 
|  27|0x0000000082700000, 0x0000000082700000, 0x0000000082800000|  0%| F|  |TAMS 0x0000000082700000, 0x0000000082700000| Untracked 
|  28|0x0000000082800000, 0x0000000082800000, 0x0000000082900000|  0%| F|  |TAMS 0x0000000082800000, 0x0000000082800000| Untracked 
|  29|0x0000000082900000, 0x0000000082900000, 0x0000000082a00000|  0%| F|  |TAMS 0x0000000082900000, 0x0000000082900000| Untracked 
|  30|0x0000000082a00000, 0x0000000082a00000, 0x0000000082b00000|  0%| F|  |TAMS 0x0000000082a00000, 0x0000000082a00000| Untracked 
|  31|0x0000000082b00000, 0x0000000082b00000, 0x0000000082c00000|  0%| F|  |TAMS 0x0000000082b00000, 0x0000000082b00000| Untracked 
|  32|0x0000000082c00000, 0x0000000082c00000, 0x0000000082d00000|  0%| F|  |TAMS 0x0000000082c00000, 0x0000000082c00000| Untracked 
|  33|0x0000000082d00000, 0x0000000082d00000, 0x0000000082e00000|  0%| F|  |TAMS 0x0000000082d00000, 0x0000000082d00000| Untracked 
|  34|0x0000000082e00000, 0x0000000082e00000, 0x0000000082f00000|  0%| F|  |TAMS 0x0000000082e00000, 0x0000000082e00000| Untracked 
|  35|0x0000000082f00000, 0x0000000082f00000, 0x0000000083000000|  0%| F|  |TAMS 0x0000000082f00000, 0x0000000082f00000| Untracked 
|  36|0x0000000083000000, 0x0000000083000000, 0x0000000083100000|  0%| F|  |TAMS 0x0000000083000000, 0x0000000083000000| Untracked 
|  37|0x0000000083100000, 0x00000000831dbf60, 0x0000000083200000| 85%| E|  |TAMS 0x0000000083100000, 0x0000000083100000| Complete 
|  38|0x0000000083200000, 0x0000000083300000, 0x0000000083300000|100%| E|CS|TAMS 0x0000000083200000, 0x0000000083200000| Complete 
|  39|0x0000000083300000, 0x0000000083400000, 0x0000000083400000|100%| E|CS|TAMS 0x0000000083300000, 0x0000000083300000| Complete 
|  40|0x0000000083400000, 0x0000000083500000, 0x0000000083500000|100%| E|CS|TAMS 0x0000000083400000, 0x0000000083400000| Complete 
|  41|0x0000000083500000, 0x0000000083600000, 0x0000000083600000|100%| E|CS|TAMS 0x0000000083500000, 0x0000000083500000| Complete 
|  42|0x0000000083600000, 0x0000000083700000, 0x0000000083700000|100%| E|CS|TAMS 0x0000000083600000, 0x0000000083600000| Complete 
|  43|0x0000000083700000, 0x0000000083800000, 0x0000000083800000|100%| E|CS|TAMS 0x0000000083700000, 0x0000000083700000| Complete 
|  44|0x0000000083800000, 0x0000000083900000, 0x0000000083900000|100%| E|CS|TAMS 0x0000000083800000, 0x0000000083800000| Complete 
|  45|0x0000000083900000, 0x0000000083976e40, 0x0000000083a00000| 46%| O|  |TAMS 0x0000000083900000, 0x0000000083900000| Untracked 
|  46|0x0000000083a00000, 0x0000000083b00000, 0x0000000083b00000|100%| E|CS|TAMS 0x0000000083a00000, 0x0000000083a00000| Complete 
|  47|0x0000000083b00000, 0x0000000083c00000, 0x0000000083c00000|100%| E|CS|TAMS 0x0000000083b00000, 0x0000000083b00000| Complete 
|  48|0x0000000083c00000, 0x0000000083d00000, 0x0000000083d00000|100%| E|CS|TAMS 0x0000000083c00000, 0x0000000083c00000| Complete 
|  49|0x0000000083d00000, 0x0000000083e00000, 0x0000000083e00000|100%| E|CS|TAMS 0x0000000083d00000, 0x0000000083d00000| Complete 
|  50|0x0000000083e00000, 0x0000000083f00000, 0x0000000083f00000|100%| E|CS|TAMS 0x0000000083e00000, 0x0000000083e00000| Complete 
|  51|0x0000000083f00000, 0x0000000083f62468, 0x0000000084000000| 38%| O|  |TAMS 0x0000000083f00000, 0x0000000083f00000| Untracked 
|  52|0x0000000084000000, 0x0000000084100000, 0x0000000084100000|100%| E|CS|TAMS 0x0000000084000000, 0x0000000084000000| Complete 
|  53|0x0000000084100000, 0x0000000084200000, 0x0000000084200000|100%| E|CS|TAMS 0x0000000084100000, 0x0000000084100000| Complete 
|  54|0x0000000084200000, 0x0000000084300000, 0x0000000084300000|100%| E|CS|TAMS 0x0000000084200000, 0x0000000084200000| Complete 
|  55|0x0000000084300000, 0x0000000084400000, 0x0000000084400000|100%| E|CS|TAMS 0x0000000084300000, 0x0000000084300000| Complete 
|  56|0x0000000084400000, 0x0000000084500000, 0x0000000084500000|100%| E|CS|TAMS 0x0000000084400000, 0x0000000084400000| Complete 
|  57|0x0000000084500000, 0x0000000084600000, 0x0000000084600000|100%| E|CS|TAMS 0x0000000084500000, 0x0000000084500000| Complete 
|  58|0x0000000084600000, 0x0000000084700000, 0x0000000084700000|100%| E|CS|TAMS 0x0000000084600000, 0x0000000084600000| Complete 
|  59|0x0000000084700000, 0x0000000084800000, 0x0000000084800000|100%| E|CS|TAMS 0x0000000084700000, 0x0000000084700000| Complete 
|  60|0x0000000084800000, 0x0000000084900000, 0x0000000084900000|100%| E|CS|TAMS 0x0000000084800000, 0x0000000084800000| Complete 
|  61|0x0000000084900000, 0x0000000084a00000, 0x0000000084a00000|100%| E|CS|TAMS 0x0000000084900000, 0x0000000084900000| Complete 
|  62|0x0000000084a00000, 0x0000000084b00000, 0x0000000084b00000|100%| E|CS|TAMS 0x0000000084a00000, 0x0000000084a00000| Complete 
|  63|0x0000000084b00000, 0x0000000084c00000, 0x0000000084c00000|100%| E|CS|TAMS 0x0000000084b00000, 0x0000000084b00000| Complete 
|  64|0x0000000084c00000, 0x0000000084d00000, 0x0000000084d00000|100%| E|CS|TAMS 0x0000000084c00000, 0x0000000084c00000| Complete 
|  65|0x0000000084d00000, 0x0000000084e00000, 0x0000000084e00000|100%| E|CS|TAMS 0x0000000084d00000, 0x0000000084d00000| Complete 
|  66|0x0000000084e00000, 0x0000000084f00000, 0x0000000084f00000|100%| E|CS|TAMS 0x0000000084e00000, 0x0000000084e00000| Complete 
|  67|0x0000000084f00000, 0x0000000085000000, 0x0000000085000000|100%| E|CS|TAMS 0x0000000084f00000, 0x0000000084f00000| Complete 
|  68|0x0000000085000000, 0x0000000085100000, 0x0000000085100000|100%| E|CS|TAMS 0x0000000085000000, 0x0000000085000000| Complete 
|  69|0x0000000085100000, 0x0000000085200000, 0x0000000085200000|100%| E|CS|TAMS 0x0000000085100000, 0x0000000085100000| Complete 
|  70|0x0000000085200000, 0x0000000085300000, 0x0000000085300000|100%| E|CS|TAMS 0x0000000085200000, 0x0000000085200000| Complete 
|  71|0x0000000085300000, 0x0000000085400000, 0x0000000085400000|100%| E|CS|TAMS 0x0000000085300000, 0x0000000085300000| Complete 
|  72|0x0000000085400000, 0x0000000085500000, 0x0000000085500000|100%| E|CS|TAMS 0x0000000085400000, 0x0000000085400000| Complete 
|  73|0x0000000085500000, 0x0000000085600000, 0x0000000085600000|100%| E|CS|TAMS 0x0000000085500000, 0x0000000085500000| Complete 
|  74|0x0000000085600000, 0x0000000085700000, 0x0000000085700000|100%| E|CS|TAMS 0x0000000085600000, 0x0000000085600000| Complete 
|  75|0x0000000085700000, 0x0000000085800000, 0x0000000085800000|100%| E|CS|TAMS 0x0000000085700000, 0x0000000085700000| Complete 
|  76|0x0000000085800000, 0x0000000085900000, 0x0000000085900000|100%| E|CS|TAMS 0x0000000085800000, 0x0000000085800000| Complete 
|  77|0x0000000085900000, 0x0000000085a00000, 0x0000000085a00000|100%| O|  |TAMS 0x0000000085a00000, 0x0000000085900000| Untracked 
|  78|0x0000000085a00000, 0x0000000085b00000, 0x0000000085b00000|100%| O|  |TAMS 0x0000000085b00000, 0x0000000085a00000| Untracked 
|  79|0x0000000085b00000, 0x0000000085c00000, 0x0000000085c00000|100%| E|CS|TAMS 0x0000000085b00000, 0x0000000085b00000| Complete 
|  80|0x0000000085c00000, 0x0000000085d00000, 0x0000000085d00000|100%| E|CS|TAMS 0x0000000085c00000, 0x0000000085c00000| Complete 
|  81|0x0000000085d00000, 0x0000000085e00000, 0x0000000085e00000|100%| E|CS|TAMS 0x0000000085d00000, 0x0000000085d00000| Complete 
|  82|0x0000000085e00000, 0x0000000085f00000, 0x0000000085f00000|100%| E|CS|TAMS 0x0000000085e00000, 0x0000000085e00000| Complete 
|  83|0x0000000085f00000, 0x0000000086000000, 0x0000000086000000|100%| E|CS|TAMS 0x0000000085f00000, 0x0000000085f00000| Complete 
|  84|0x0000000086000000, 0x0000000086100000, 0x0000000086100000|100%| E|CS|TAMS 0x0000000086000000, 0x0000000086000000| Complete 
|  85|0x0000000086100000, 0x0000000086200000, 0x0000000086200000|100%| E|CS|TAMS 0x0000000086100000, 0x0000000086100000| Complete 
|  86|0x0000000086200000, 0x0000000086300000, 0x0000000086300000|100%| E|CS|TAMS 0x0000000086200000, 0x0000000086200000| Complete 

Card table byte_map: [0x000001639d1c0000,0x000001639d5c0000] _byte_map_base: 0x000001639cdba000

Marking Bits (Prev, Next): (CMBitMap*) 0x00000163861c0660, (CMBitMap*) 0x00000163861c06a0
 Prev Bits: [0x000001639d9c0000, 0x000001639f990000)
 Next Bits: [0x000001639f990000, 0x00000163a1960000)

Polling page: 0x0000016384110000

Metaspace:

Usage:
  Non-class:     54.57 MB used.
      Class:      8.21 MB used.
       Both:     62.78 MB used.

Virtual space:
  Non-class space:       64.00 MB reserved,      54.88 MB ( 86%) committed,  1 nodes.
      Class space:        1.00 GB reserved,       8.56 MB ( <1%) committed,  1 nodes.
             Both:        1.06 GB reserved,      63.44 MB (  6%) committed. 

Chunk freelists:
   Non-Class:  909.00 KB
       Class:  3.50 MB
        Both:  4.39 MB

MaxMetaspaceSize: unlimited
CompressedClassSpaceSize: 1.00 GB
Initial GC threshold: 21.00 MB
Current GC threshold: 104.38 MB
CDS: on
MetaspaceReclaimPolicy: balanced
 - commit_granule_bytes: 65536.
 - commit_granule_words: 8192.
 - virtual_space_node_default_size: 8388608.
 - enlarge_chunks_in_place: 1.
 - new_chunks_are_fully_committed: 0.
 - uncommit_free_chunks: 1.
 - use_allocation_guard: 0.


Internal statistics:

num_allocs_failed_limit: 9.
num_arena_births: 904.
num_arena_deaths: 4.
num_vsnodes_births: 2.
num_vsnodes_deaths: 0.
num_space_committed: 1015.
num_space_uncommitted: 0.
num_chunks_returned_to_freelist: 15.
num_chunks_taken_from_freelist: 3133.
num_chunk_merges: 11.
num_chunk_splits: 2329.
num_chunks_enlarged: 1904.
num_inconsistent_stats: 0.

CodeHeap 'non-profiled nmethods': size=120000Kb used=5306Kb max_used=5306Kb free=114693Kb
 bounds [0x0000016395560000, 0x0000016395a90000, 0x000001639ca90000]
CodeHeap 'profiled nmethods': size=120000Kb used=13446Kb max_used=13446Kb free=106554Kb
 bounds [0x000001638e030000, 0x000001638ed60000, 0x0000016395560000]
CodeHeap 'non-nmethods': size=5760Kb used=1402Kb max_used=1467Kb free=4357Kb
 bounds [0x000001638da90000, 0x000001638dd00000, 0x000001638e030000]
 total_blobs=6663 nmethods=6007 adapters=568
 compilation: enabled
              stopped_count=0, restarted_count=0
 full_count=0

Compilation events (20 events):
Event: 38.396 Thread 0x00000163aef63e60 6147   !   4       java.lang.Class::getTypeName (46 bytes)
Event: 38.397 Thread 0x00000163aef63e60 nmethod 6147 0x0000016395a7b690 code [0x0000016395a7b840, 0x0000016395a7b9d0]
Event: 38.397 Thread 0x00000163aef63e60 6162       4       java.lang.Long::bitCount (61 bytes)
Event: 38.397 Thread 0x00000163aef63e60 nmethod 6162 0x0000016395a7bb90 code [0x0000016395a7bd00, 0x0000016395a7bdd8]
Event: 38.397 Thread 0x00000163aef63e60 6238       4       org.springframework.core.annotation.AnnotationsProcessor::finish (2 bytes)
Event: 38.397 Thread 0x00000163aef63e60 nmethod 6238 0x0000016395a7be90 code [0x0000016395a7c000, 0x0000016395a7c078]
Event: 38.397 Thread 0x00000163aef63e60 6419       4       org.springframework.beans.factory.config.BeanPostProcessor::postProcessBeforeInitialization (2 bytes)
Event: 38.398 Thread 0x00000163aef63e60 nmethod 6419 0x0000016395a7c190 code [0x0000016395a7c300, 0x0000016395a7c378]
Event: 38.398 Thread 0x00000163aef63e60 6258       4       org.springframework.beans.factory.config.BeanPostProcessor::postProcessAfterInitialization (2 bytes)
Event: 38.398 Thread 0x00000163aef63e60 nmethod 6258 0x0000016395a7c490 code [0x0000016395a7c600, 0x0000016395a7c678]
Event: 38.398 Thread 0x00000163aef63e60 6206       4       java.util.LinkedHashMap$LinkedKeySet::size (8 bytes)
Event: 38.398 Thread 0x00000163aef63e60 nmethod 6206 0x0000016395a7c790 code [0x0000016395a7c900, 0x0000016395a7c998]
Event: 38.409 Thread 0x00000163aef63e60 6712   !   4       com.mysql.cj.conf.DefaultPropertySet::getProperty (52 bytes)
Event: 38.410 Thread 0x00000163a4376740 6713       3       com.mysql.cj.ServerVersion::compareTo (57 bytes)
Event: 38.411 Thread 0x00000163a4376740 nmethod 6713 0x000001638ed50010 code [0x000001638ed502c0, 0x000001638ed51258]
Event: 38.412 Thread 0x00000163aef63e60 nmethod 6712 0x0000016395a7ca90 code [0x0000016395a7cc40, 0x0000016395a7cfe8]
Event: 38.412 Thread 0x00000163aef63e60 6714       4       java.nio.ByteBuffer::array (35 bytes)
Event: 38.412 Thread 0x00000163aef63e60 nmethod 6714 0x0000016395a7d390 code [0x0000016395a7d500, 0x0000016395a7d5b8]
Event: 38.419 Thread 0x00000163a4375640 nmethod 6148 0x0000016395a7d690 code [0x0000016395a7dde0, 0x0000016395a85ca8]
Event: 38.422 Thread 0x00000163a88820b0 nmethod 6614 0x0000016395a8af10 code [0x0000016395a8b240, 0x0000016395a8d038]

GC Heap History (20 events):
Event: 3.579 GC heap before
{Heap before GC invocations=11 (full 0):
 garbage-first heap   total 51200K, used 40054K [0x0000000080c00000, 0x0000000100000000)
  region size 1024K, 25 young (25600K), 3 survivors (3072K)
 Metaspace       used 34160K, committed 34624K, reserved 1114112K
  class space    used 4205K, committed 4416K, reserved 1048576K
}
Event: 3.581 GC heap after
{Heap after GC invocations=12 (full 0):
 garbage-first heap   total 51200K, used 18613K [0x0000000080c00000, 0x0000000100000000)
  region size 1024K, 3 young (3072K), 3 survivors (3072K)
 Metaspace       used 34160K, committed 34624K, reserved 1114112K
  class space    used 4205K, committed 4416K, reserved 1048576K
}
Event: 3.667 GC heap before
{Heap before GC invocations=12 (full 0):
 garbage-first heap   total 51200K, used 28853K [0x0000000080c00000, 0x0000000100000000)
  region size 1024K, 14 young (14336K), 3 survivors (3072K)
 Metaspace       used 35504K, committed 35968K, reserved 1114112K
  class space    used 4361K, committed 4608K, reserved 1048576K
}
Event: 3.670 GC heap after
{Heap after GC invocations=13 (full 0):
 garbage-first heap   total 51200K, used 19161K [0x0000000080c00000, 0x0000000100000000)
  region size 1024K, 2 young (2048K), 2 survivors (2048K)
 Metaspace       used 35504K, committed 35968K, reserved 1114112K
  class space    used 4361K, committed 4608K, reserved 1048576K
}
Event: 3.926 GC heap before
{Heap before GC invocations=14 (full 0):
 garbage-first heap   total 51200K, used 39641K [0x0000000080c00000, 0x0000000100000000)
  region size 1024K, 23 young (23552K), 2 survivors (2048K)
 Metaspace       used 37772K, committed 38272K, reserved 1114112K
  class space    used 4629K, committed 4864K, reserved 1048576K
}
Event: 3.928 GC heap after
{Heap after GC invocations=15 (full 0):
 garbage-first heap   total 51200K, used 20080K [0x0000000080c00000, 0x0000000100000000)
  region size 1024K, 3 young (3072K), 3 survivors (3072K)
 Metaspace       used 37772K, committed 38272K, reserved 1114112K
  class space    used 4629K, committed 4864K, reserved 1048576K
}
Event: 4.103 GC heap before
{Heap before GC invocations=15 (full 0):
 garbage-first heap   total 51200K, used 39536K [0x0000000080c00000, 0x0000000100000000)
  region size 1024K, 23 young (23552K), 3 survivors (3072K)
 Metaspace       used 39644K, committed 40128K, reserved 1114112K
  class space    used 4890K, committed 5120K, reserved 1048576K
}
Event: 4.104 GC heap after
{Heap after GC invocations=16 (full 0):
 garbage-first heap   total 51200K, used 20519K [0x0000000080c00000, 0x0000000100000000)
  region size 1024K, 3 young (3072K), 3 survivors (3072K)
 Metaspace       used 39644K, committed 40128K, reserved 1114112K
  class space    used 4890K, committed 5120K, reserved 1048576K
}
Event: 4.292 GC heap before
{Heap before GC invocations=16 (full 0):
 garbage-first heap   total 51200K, used 40999K [0x0000000080c00000, 0x0000000100000000)
  region size 1024K, 23 young (23552K), 3 survivors (3072K)
 Metaspace       used 41537K, committed 42048K, reserved 1114112K
  class space    used 5198K, committed 5440K, reserved 1048576K
}
Event: 4.294 GC heap after
{Heap after GC invocations=17 (full 0):
 garbage-first heap   total 102400K, used 20967K [0x0000000080c00000, 0x0000000100000000)
  region size 1024K, 2 young (2048K), 2 survivors (2048K)
 Metaspace       used 41537K, committed 42048K, reserved 1114112K
  class space    used 5198K, committed 5440K, reserved 1048576K
}
Event: 4.830 GC heap before
{Heap before GC invocations=17 (full 0):
 garbage-first heap   total 102400K, used 79335K [0x0000000080c00000, 0x0000000100000000)
  region size 1024K, 60 young (61440K), 2 survivors (2048K)
 Metaspace       used 47244K, committed 47808K, reserved 1114112K
  class space    used 5998K, committed 6272K, reserved 1048576K
}
Event: 4.833 GC heap after
{Heap after GC invocations=18 (full 0):
 garbage-first heap   total 102400K, used 22043K [0x0000000080c00000, 0x0000000100000000)
  region size 1024K, 3 young (3072K), 3 survivors (3072K)
 Metaspace       used 47244K, committed 47808K, reserved 1114112K
  class space    used 5998K, committed 6272K, reserved 1048576K
}
Event: 5.322 GC heap before
{Heap before GC invocations=18 (full 0):
 garbage-first heap   total 102400K, used 80411K [0x0000000080c00000, 0x0000000100000000)
  region size 1024K, 60 young (61440K), 3 survivors (3072K)
 Metaspace       used 53501K, committed 54080K, reserved 1114112K
  class space    used 7018K, committed 7296K, reserved 1048576K
}
Event: 5.325 GC heap after
{Heap after GC invocations=19 (full 0):
 garbage-first heap   total 102400K, used 22864K [0x0000000080c00000, 0x0000000100000000)
  region size 1024K, 4 young (4096K), 4 survivors (4096K)
 Metaspace       used 53501K, committed 54080K, reserved 1114112K
  class space    used 7018K, committed 7296K, reserved 1048576K
}
Event: 5.981 GC heap before
{Heap before GC invocations=19 (full 0):
 garbage-first heap   total 102400K, used 80208K [0x0000000080c00000, 0x0000000100000000)
  region size 1024K, 60 young (61440K), 4 survivors (4096K)
 Metaspace       used 58224K, committed 58816K, reserved 1114112K
  class space    used 7630K, committed 7936K, reserved 1048576K
}
Event: 5.985 GC heap after
{Heap after GC invocations=20 (full 0):
 garbage-first heap   total 102400K, used 25781K [0x0000000080c00000, 0x0000000100000000)
  region size 1024K, 7 young (7168K), 7 survivors (7168K)
 Metaspace       used 58224K, committed 58816K, reserved 1114112K
  class space    used 7630K, committed 7936K, reserved 1048576K
}
Event: 6.215 GC heap before
{Heap before GC invocations=20 (full 0):
 garbage-first heap   total 102400K, used 46261K [0x0000000080c00000, 0x0000000100000000)
  region size 1024K, 28 young (28672K), 7 survivors (7168K)
 Metaspace       used 59670K, committed 60288K, reserved 1114112K
  class space    used 7819K, committed 8128K, reserved 1048576K
}
Event: 6.220 GC heap after
{Heap after GC invocations=21 (full 0):
 garbage-first heap   total 102400K, used 27015K [0x0000000080c00000, 0x0000000100000000)
  region size 1024K, 5 young (5120K), 5 survivors (5120K)
 Metaspace       used 59670K, committed 60288K, reserved 1114112K
  class space    used 7819K, committed 8128K, reserved 1048576K
}
Event: 37.611 GC heap before
{Heap before GC invocations=22 (full 0):
 garbage-first heap   total 96256K, used 73095K [0x0000000080c00000, 0x0000000100000000)
  region size 1024K, 51 young (52224K), 5 survivors (5120K)
 Metaspace       used 63508K, committed 64128K, reserved 1114112K
  class space    used 8377K, committed 8704K, reserved 1048576K
}
Event: 37.641 GC heap after
{Heap after GC invocations=23 (full 1):
 garbage-first heap   total 89088K, used 24394K [0x0000000080c00000, 0x0000000100000000)
  region size 1024K, 0 young (0K), 0 survivors (0K)
 Metaspace       used 63502K, committed 64128K, reserved 1114112K
  class space    used 8375K, committed 8704K, reserved 1048576K
}

Deoptimization events (20 events):
Event: 38.371 Thread 0x00000163ab4c18c0 DEOPT PACKING pc=0x000001639577c1c4 sp=0x0000004da37fda60
Event: 38.371 Thread 0x00000163ab4c18c0 DEOPT UNPACKING pc=0x000001638dae2b43 sp=0x0000004da37fce70 mode 1
Event: 38.375 Thread 0x00000163ab4c18c0 DEOPT PACKING pc=0x000001638eb9b754 sp=0x0000004da37fd650
Event: 38.376 Thread 0x00000163ab4c18c0 DEOPT UNPACKING pc=0x000001638dae2b43 sp=0x0000004da37fcd40 mode 1
Event: 38.376 Thread 0x00000163ab4c18c0 DEOPT PACKING pc=0x000001638ebb287c sp=0x0000004da37fd9e0
Event: 38.376 Thread 0x00000163ab4c18c0 DEOPT UNPACKING pc=0x000001638dae2b43 sp=0x0000004da37fcea8 mode 1
Event: 38.380 Thread 0x00000163ab4c18c0 DEOPT PACKING pc=0x000001638e59e2a1 sp=0x0000004da37fc6f0
Event: 38.380 Thread 0x00000163ab4c18c0 DEOPT UNPACKING pc=0x000001638dae2b43 sp=0x0000004da37fbbc8 mode 1
Event: 38.381 Thread 0x00000163ab4c18c0 DEOPT PACKING pc=0x000001638e6eb04c sp=0x0000004da37fc780
Event: 38.381 Thread 0x00000163ab4c18c0 DEOPT UNPACKING pc=0x000001638dae2b43 sp=0x0000004da37fbd20 mode 1
Event: 38.381 Thread 0x00000163ab4c18c0 DEOPT PACKING pc=0x000001638e59bf9c sp=0x0000004da37fc8e0
Event: 38.381 Thread 0x00000163ab4c18c0 DEOPT UNPACKING pc=0x000001638dae2b43 sp=0x0000004da37fbe80 mode 1
Event: 38.381 Thread 0x00000163ab4c18c0 DEOPT PACKING pc=0x000001638e59e2a1 sp=0x0000004da37fc6f0
Event: 38.381 Thread 0x00000163ab4c18c0 DEOPT UNPACKING pc=0x000001638dae2b43 sp=0x0000004da37fbbc8 mode 1
Event: 38.381 Thread 0x00000163ab4c18c0 DEOPT PACKING pc=0x000001638e6eb04c sp=0x0000004da37fc780
Event: 38.381 Thread 0x00000163ab4c18c0 DEOPT UNPACKING pc=0x000001638dae2b43 sp=0x0000004da37fbd20 mode 1
Event: 38.381 Thread 0x00000163ab4c18c0 DEOPT PACKING pc=0x000001638e59bf9c sp=0x0000004da37fc8e0
Event: 38.381 Thread 0x00000163ab4c18c0 DEOPT UNPACKING pc=0x000001638dae2b43 sp=0x0000004da37fbe80 mode 1
Event: 39.634 Thread 0x00000163ab4c18c0 DEOPT PACKING pc=0x000001638e5ca6a4 sp=0x0000004da37fdf10
Event: 39.634 Thread 0x00000163ab4c18c0 DEOPT UNPACKING pc=0x000001638dae2b43 sp=0x0000004da37fd3c8 mode 0

Classes loaded (20 events):
Event: 37.605 Loading class java/security/KeyStoreException
Event: 37.605 Loading class java/security/KeyStoreException done
Event: 37.605 Loading class java/security/cert/CertificateException
Event: 37.605 Loading class java/security/cert/CertificateException done
Event: 37.605 Loading class java/security/KeyManagementException
Event: 37.606 Loading class java/security/KeyManagementException done
Event: 37.606 Loading class javax/net/ssl/TrustManager
Event: 37.606 Loading class javax/net/ssl/TrustManager done
Event: 37.606 Loading class javax/crypto/NoSuchPaddingException
Event: 37.606 Loading class javax/crypto/NoSuchPaddingException done
Event: 37.606 Loading class javax/crypto/IllegalBlockSizeException
Event: 37.606 Loading class javax/crypto/IllegalBlockSizeException done
Event: 37.641 Loading class java/lang/ref/Finalizer$2
Event: 37.641 Loading class java/lang/ref/Finalizer$2 done
Event: 37.644 Loading class java/lang/ref/Finalizer$1
Event: 37.644 Loading class java/lang/ref/Finalizer$1 done
Event: 37.921 Loading class jdk/internal/access/foreign/MemorySegmentProxy
Event: 37.921 Loading class jdk/internal/access/foreign/MemorySegmentProxy done
Event: 38.381 Loading class java/lang/invoke/WrongMethodTypeException
Event: 38.382 Loading class java/lang/invoke/WrongMethodTypeException done

Classes unloaded (2 events):
Event: 37.621 Thread 0x00000163861e05c0 Unloading class 0x00000008013a4400 'jdk/internal/reflect/GeneratedSerializationConstructorAccessor2'
Event: 37.621 Thread 0x00000163861e05c0 Unloading class 0x00000008013a4000 'jdk/internal/reflect/GeneratedSerializationConstructorAccessor1'

Classes redefined (0 events):
No events

Internal exceptions (20 events):
Event: 6.111 Thread 0x00000163a8fc25a0 Exception <a 'java/lang/IncompatibleClassChangeError'{0x0000000086220360}: Found class java.lang.Object, but interface was expected> (0x0000000086220360) 
thrown [s\open\src\hotspot\share\interpreter\linkResolver.cpp, line 833]
Event: 6.141 Thread 0x00000163a8fc25a0 Exception <a 'java/lang/NoSuchMethodError'{0x00000000860cc128}: 'int java.lang.invoke.DirectMethodHandle$Holder.invokeStaticInit(java.lang.Object, java.lang.Object, java.lang.Object, java.lang.Object)'> (0x00000000860cc128) 
thrown [s\open\src\hotspot\share\interpreter\linkResolver.cpp, line 766]
Event: 6.297 Thread 0x00000163a8fc25a0 Exception <a 'java/lang/NoSuchMethodError'{0x0000000086736fa0}: 'java.lang.Object java.lang.invoke.DirectMethodHandle$Holder.newInvokeSpecial(java.lang.Object, java.lang.Object, int, java.lang.Object, java.lang.Object)'> (0x0000000086736fa0) 
thrown [s\open\src\hotspot\share\interpreter\linkResolver.cpp, line 766]
Event: 6.298 Thread 0x00000163a8fc25a0 Exception <a 'java/lang/NoSuchMethodError'{0x0000000086742620}: 'java.lang.Object java.lang.invoke.DirectMethodHandle$Holder.invokeSpecial(java.lang.Object, java.lang.Object, int, java.lang.Object, int, java.lang.Object)'> (0x0000000086742620) 
thrown [s\open\src\hotspot\share\interpreter\linkResolver.cpp, line 766]
Event: 6.299 Thread 0x00000163a8fc25a0 Exception <a 'java/lang/NoSuchMethodError'{0x000000008674a6d0}: 'java.lang.Object java.lang.invoke.DirectMethodHandle$Holder.newInvokeSpecial(java.lang.Object, java.lang.Object, int, java.lang.Object, int)'> (0x000000008674a6d0) 
thrown [s\open\src\hotspot\share\interpreter\linkResolver.cpp, line 766]
Event: 6.299 Thread 0x00000163a8fc25a0 Exception <a 'java/lang/NoSuchMethodError'{0x000000008674e7d8}: 'java.lang.Object java.lang.invoke.DirectMethodHandle$Holder.invokeSpecial(java.lang.Object, java.lang.Object, java.lang.Object, int, java.lang.Object, int)'> (0x000000008674e7d8) 
thrown [s\open\src\hotspot\share\interpreter\linkResolver.cpp, line 766]
Event: 11.175 Thread 0x00000163ab4bd560 Exception <a 'java/lang/NoSuchMethodError'{0x0000000085cb9da8}: 'java.lang.Object java.lang.invoke.DirectMethodHandle$Holder.invokeSpecial(java.lang.Object, java.lang.Object, java.lang.Object, java.lang.Object, java.lang.Object, long)'> (0x0000000085cb9da8) 
thrown [s\open\src\hotspot\share\interpreter\linkResolver.cpp, line 766]
Event: 11.175 Thread 0x00000163ab4bd560 Exception <a 'java/lang/NoSuchMethodError'{0x0000000085cbd7f0}: 'java.lang.Object java.lang.invoke.Invokers$Holder.linkToTargetMethod(java.lang.Object, java.lang.Object, java.lang.Object, long, java.lang.Object)'> (0x0000000085cbd7f0) 
thrown [s\open\src\hotspot\share\interpreter\linkResolver.cpp, line 766]
Event: 37.597 Thread 0x00000163ad9c0550 Exception <a 'java/lang/InterruptedException'{0x0000000083880840}: sleep interrupted> (0x0000000083880840) 
thrown [s\open\src\hotspot\share\prims\jvm.cpp, line 3083]
Event: 37.665 Thread 0x00000163ab4c18c0 Exception <a 'sun/nio/fs/WindowsException'{0x00000000862dbcb8}> (0x00000000862dbcb8) 
thrown [s\open\src\hotspot\share\prims\jni.cpp, line 516]
Event: 38.025 Thread 0x00000163ab4c18c0 Exception <a 'java/lang/NoClassDefFoundError'{0x0000000084dec290}: liquibase/integration/spring/SpringLiquibase> (0x0000000084dec290) 
thrown [s\open\src\hotspot\share\oops\constantPool.cpp, line 836]
Event: 38.030 Thread 0x00000163ab4c18c0 Exception <a 'java/lang/NoClassDefFoundError'{0x0000000084c242c8}: org/jooq/DSLContext> (0x0000000084c242c8) 
thrown [s\open\src\hotspot\share\oops\constantPool.cpp, line 836]
Event: 38.031 Thread 0x00000163ab4c18c0 Exception <a 'java/lang/NoClassDefFoundError'{0x0000000084c2b300}: org/springframework/batch/core/repository/JobRepository> (0x0000000084c2b300) 
thrown [s\open\src\hotspot\share\oops\constantPool.cpp, line 836]
Event: 38.031 Thread 0x00000163ab4c18c0 Exception <a 'java/lang/NoClassDefFoundError'{0x0000000084c2b948}: org/quartz/Scheduler> (0x0000000084c2b948) 
thrown [s\open\src\hotspot\share\oops\constantPool.cpp, line 836]
Event: 38.032 Thread 0x00000163ab4c18c0 Exception <a 'java/lang/NoClassDefFoundError'{0x0000000084c2bfb8}: org/springframework/session/jdbc/JdbcIndexedSessionRepository> (0x0000000084c2bfb8) 
thrown [s\open\src\hotspot\share\oops\constantPool.cpp, line 836]
Event: 38.071 Thread 0x00000163ab4c18c0 Exception <a 'sun/nio/fs/WindowsException'{0x000000008475f0a0}> (0x000000008475f0a0) 
thrown [s\open\src\hotspot\share\prims\jni.cpp, line 516]
Event: 38.071 Thread 0x00000163ab4c18c0 Exception <a 'sun/nio/fs/WindowsException'{0x000000008475f708}> (0x000000008475f708) 
thrown [s\open\src\hotspot\share\prims\jni.cpp, line 516]
Event: 38.071 Thread 0x00000163ab4c18c0 Exception <a 'sun/nio/fs/WindowsException'{0x000000008475fde0}> (0x000000008475fde0) 
thrown [s\open\src\hotspot\share\prims\jni.cpp, line 516]
Event: 38.086 Thread 0x00000163ab4c18c0 Exception <a 'java/io/FileNotFoundException'{0x00000000847952e8}> (0x00000000847952e8) 
thrown [s\open\src\hotspot\share\prims\jni.cpp, line 516]
Event: 38.119 Thread 0x00000163ab4c18c0 Exception <a 'java/io/FileNotFoundException'{0x00000000846cc660}> (0x00000000846cc660) 
thrown [s\open\src\hotspot\share\prims\jni.cpp, line 516]

VM Operations (20 events):
Event: 39.773 Executing VM operation: get/set locals
Event: 39.773 Executing VM operation: get/set locals done
Event: 39.773 Executing VM operation: get/set locals
Event: 39.773 Executing VM operation: get/set locals done
Event: 39.774 Executing VM operation: get/set locals
Event: 39.774 Executing VM operation: get/set locals done
Event: 39.774 Executing VM operation: get/set locals
Event: 39.774 Executing VM operation: get/set locals done
Event: 39.774 Executing VM operation: get/set locals
Event: 39.774 Executing VM operation: get/set locals done
Event: 39.774 Executing VM operation: get/set locals
Event: 39.774 Executing VM operation: get/set locals done
Event: 39.775 Executing VM operation: get/set locals
Event: 39.775 Executing VM operation: get/set locals done
Event: 39.775 Executing VM operation: get/set locals
Event: 39.775 Executing VM operation: get/set locals done
Event: 39.775 Executing VM operation: get/set locals
Event: 39.775 Executing VM operation: get/set locals done
Event: 39.776 Executing VM operation: get/set locals
Event: 39.776 Executing VM operation: get/set locals done

Events (20 events):
Event: 37.596 Thread 0x00000163ab4c0a50 Thread exited: 0x00000163ab4c0a50
Event: 37.596 Thread 0x00000163ab4c18c0 Thread exited: 0x00000163ab4c18c0
Event: 37.597 Thread 0x00000163ad9c0550 Thread exited: 0x00000163ad9c0550
Event: 37.598 Thread 0x00000163ad9c0ef0 Thread exited: 0x00000163ad9c0ef0
Event: 37.598 Thread 0x00000163ad9c0a20 Thread exited: 0x00000163ad9c0a20
Event: 37.603 Thread 0x00000163ab4c13f0 Thread added: 0x00000163ab4c13f0
Event: 37.603 Thread 0x00000163ad9c0080 Thread exited: 0x00000163ad9c0080
Event: 37.607 Thread 0x00000163a88820b0 Thread added: 0x00000163a88820b0
Event: 37.609 Thread 0x00000163ab4c13f0 Thread exited: 0x00000163ab4c13f0
Event: 37.644 Thread 0x00000163ab4c0a50 Thread added: 0x00000163ab4c0a50
Event: 37.644 Thread 0x00000163ab4c0a50 Thread exited: 0x00000163ab4c0a50
Event: 37.644 Thread 0x00000163ab4c18c0 Thread added: 0x00000163ab4c18c0
Event: 37.677 Thread 0x00000163aef63e60 Thread added: 0x00000163aef63e60
Event: 37.730 Thread 0x00000163ab4bdf00 Thread added: 0x00000163ab4bdf00
Event: 37.773 Thread 0x00000163ab4bdf00 Thread exited: 0x00000163ab4bdf00
Event: 38.120 Thread 0x00000163ab4bf710 Thread added: 0x00000163ab4bf710
Event: 38.120 Thread 0x00000163ab4bcbc0 Thread added: 0x00000163ab4bcbc0
Event: 38.120 Thread 0x00000163ab4c1d90 Thread added: 0x00000163ab4c1d90
Event: 38.155 Thread 0x00000163ab4c2260 Thread added: 0x00000163ab4c2260
Event: 38.265 Thread 0x00000163ab4c3a70 Thread added: 0x00000163ab4c3a70


Dynamic libraries:
0x00007ff62b500000 - 0x00007ff62b510000 	C:\Program Files\Java\jdk-18.0.1.1\bin\javaw.exe
0x00007fffa3080000 - 0x00007fffa3289000 	C:\WINDOWS\SYSTEM32\ntdll.dll
0x00007fffa20c0000 - 0x00007fffa217e000 	C:\WINDOWS\System32\KERNEL32.DLL
0x00007fffa0810000 - 0x00007fffa0b8b000 	C:\WINDOWS\System32\KERNELBASE.dll
0x00007fffa0550000 - 0x00007fffa0661000 	C:\WINDOWS\System32\ucrtbase.dll
0x00007fff9a910000 - 0x00007fff9a92a000 	C:\Program Files\Java\jdk-18.0.1.1\bin\VCRUNTIME140.dll
0x00007fff9ce20000 - 0x00007fff9ce38000 	C:\Program Files\Java\jdk-18.0.1.1\bin\jli.dll
0x00007fffa1760000 - 0x00007fffa180e000 	C:\WINDOWS\System32\ADVAPI32.dll
0x00007fffa16b0000 - 0x00007fffa1753000 	C:\WINDOWS\System32\msvcrt.dll
0x00007fffa1290000 - 0x00007fffa132e000 	C:\WINDOWS\System32\sechost.dll
0x00007fffa1110000 - 0x00007fffa1230000 	C:\WINDOWS\System32\RPCRT4.dll
0x00007fffa1500000 - 0x00007fffa16ad000 	C:\WINDOWS\System32\USER32.dll
0x00007fffa0670000 - 0x00007fffa0696000 	C:\WINDOWS\System32\win32u.dll
0x00007fffa2fb0000 - 0x00007fffa2fd9000 	C:\WINDOWS\System32\GDI32.dll
0x00007fffa0de0000 - 0x00007fffa0ef8000 	C:\WINDOWS\System32\gdi32full.dll
0x00007fff8d530000 - 0x00007fff8d7d5000 	C:\WINDOWS\WinSxS\amd64_microsoft.windows.common-controls_6595b64144ccf1df_6.0.22000.120_none_9d947278b86cc467\COMCTL32.dll
0x00007fffa0b90000 - 0x00007fffa0c2d000 	C:\WINDOWS\System32\msvcp_win.dll
0x00007fff96890000 - 0x00007fff9689a000 	C:\WINDOWS\SYSTEM32\VERSION.dll
0x00007fffa2950000 - 0x00007fffa2982000 	C:\WINDOWS\System32\IMM32.DLL
0x00007fff9a560000 - 0x00007fff9a56c000 	C:\Program Files\Java\jdk-18.0.1.1\bin\vcruntime140_1.dll
0x00007fff91170000 - 0x00007fff911fd000 	C:\Program Files\Java\jdk-18.0.1.1\bin\msvcp140.dll
0x00007fff60e20000 - 0x00007fff61a30000 	C:\Program Files\Java\jdk-18.0.1.1\bin\server\jvm.dll
0x00007fffa2710000 - 0x00007fffa2718000 	C:\WINDOWS\System32\PSAPI.DLL
0x00007fff99f30000 - 0x00007fff99f63000 	C:\WINDOWS\SYSTEM32\WINMM.dll
0x00007fff62440000 - 0x00007fff62449000 	C:\WINDOWS\SYSTEM32\WSOCK32.dll
0x00007fffa28e0000 - 0x00007fffa294f000 	C:\WINDOWS\System32\WS2_32.dll
0x00007fff9f680000 - 0x00007fff9f698000 	C:\WINDOWS\SYSTEM32\kernel.appcore.dll
0x00007fff62410000 - 0x00007fff6241a000 	C:\Program Files\Java\jdk-18.0.1.1\bin\jimage.dll
0x00007fff92d30000 - 0x00007fff92f51000 	C:\WINDOWS\SYSTEM32\DBGHELP.DLL
0x00007fff82af0000 - 0x00007fff82b21000 	C:\WINDOWS\SYSTEM32\dbgcore.DLL
0x00007fffa0c30000 - 0x00007fffa0caf000 	C:\WINDOWS\System32\bcryptPrimitives.dll
0x00007fff91890000 - 0x00007fff918cb000 	C:\Program Files\Java\jdk-18.0.1.1\bin\jdwp.dll
0x00007fff9a550000 - 0x00007fff9a55e000 	C:\Program Files\Java\jdk-18.0.1.1\bin\instrument.dll
0x00007fff623e0000 - 0x00007fff62405000 	C:\Program Files\Java\jdk-18.0.1.1\bin\java.dll
0x00007fff62300000 - 0x00007fff623d6000 	C:\Program Files\Java\jdk-18.0.1.1\bin\jsvml.dll
0x00007fffa1810000 - 0x00007fffa1fc7000 	C:\WINDOWS\System32\SHELL32.dll
0x00007fff9e610000 - 0x00007fff9ee75000 	C:\WINDOWS\SYSTEM32\windows.storage.dll
0x00007fffa2990000 - 0x00007fffa2d08000 	C:\WINDOWS\System32\combase.dll
0x00007fff9e4a0000 - 0x00007fff9e606000 	C:\WINDOWS\SYSTEM32\wintypes.dll
0x00007fffa0f90000 - 0x00007fffa107a000 	C:\WINDOWS\System32\SHCORE.dll
0x00007fffa1330000 - 0x00007fffa138d000 	C:\WINDOWS\System32\shlwapi.dll
0x00007fffa0480000 - 0x00007fffa04a1000 	C:\WINDOWS\SYSTEM32\profapi.dll
0x00007fff9a4c0000 - 0x00007fff9a4cc000 	C:\Program Files\Java\jdk-18.0.1.1\bin\dt_socket.dll
0x00007fff9f1b0000 - 0x00007fff9f1dd000 	C:\WINDOWS\SYSTEM32\IPHLPAPI.DLL
0x00007fff9fb10000 - 0x00007fff9fb77000 	C:\WINDOWS\system32\mswsock.dll
0x00007fff9f1e0000 - 0x00007fff9f2c8000 	C:\WINDOWS\SYSTEM32\DNSAPI.dll
0x00007fffa0f80000 - 0x00007fffa0f89000 	C:\WINDOWS\System32\NSI.dll
0x00007fff98370000 - 0x00007fff9837a000 	C:\Windows\System32\rasadhlp.dll
0x00007fff98950000 - 0x00007fff989d1000 	C:\WINDOWS\System32\fwpuclnt.dll
0x00007fff622a0000 - 0x00007fff622b8000 	C:\Program Files\Java\jdk-18.0.1.1\bin\zip.dll
0x00007fff622e0000 - 0x00007fff622f3000 	C:\Program Files\Java\jdk-18.0.1.1\bin\net.dll
0x00007fff9a3a0000 - 0x00007fff9a4b4000 	C:\WINDOWS\SYSTEM32\WINHTTP.dll
0x00007fff622c0000 - 0x00007fff622d6000 	C:\Program Files\Java\jdk-18.0.1.1\bin\nio.dll
0x00007fff62290000 - 0x00007fff622a0000 	C:\Program Files\Java\jdk-18.0.1.1\bin\verify.dll
0x00007fff7a6d0000 - 0x00007fff7a6d9000 	C:\Program Files\Java\jdk-18.0.1.1\bin\management.dll
0x00007fff483a0000 - 0x00007fff483ab000 	C:\Program Files\Java\jdk-18.0.1.1\bin\management_ext.dll
0x00007fff9fdf0000 - 0x00007fff9fe08000 	C:\WINDOWS\SYSTEM32\CRYPTSP.dll
0x00007fff9f5e0000 - 0x00007fff9f615000 	C:\WINDOWS\system32\rsaenh.dll
0x00007fff9fbb0000 - 0x00007fff9fbd9000 	C:\WINDOWS\SYSTEM32\USERENV.dll
0x00007fff9ff30000 - 0x00007fff9ff57000 	C:\WINDOWS\SYSTEM32\bcrypt.dll
0x00007fff9fd00000 - 0x00007fff9fd0c000 	C:\WINDOWS\SYSTEM32\CRYPTBASE.dll
0x00007fff9a850000 - 0x00007fff9a869000 	C:\WINDOWS\SYSTEM32\dhcpcsvc6.DLL
0x00007fff9b600000 - 0x00007fff9b61e000 	C:\WINDOWS\SYSTEM32\dhcpcsvc.DLL
0x00007fff85e10000 - 0x00007fff85e1e000 	C:\Program Files\Java\jdk-18.0.1.1\bin\sunmscapi.dll
0x00007fffa06a0000 - 0x00007fffa0802000 	C:\WINDOWS\System32\CRYPT32.dll
0x00007fff9ff00000 - 0x00007fff9ff28000 	C:\WINDOWS\SYSTEM32\ncrypt.dll
0x00007fff9fec0000 - 0x00007fff9fef7000 	C:\WINDOWS\SYSTEM32\NTASN1.dll

dbghelp: loaded successfully - version: 4.0.5 - missing functions: none
symbol engine: initialized successfully - sym options: 0x614 - pdb path: .;C:\Program Files\Java\jdk-18.0.1.1\bin;C:\WINDOWS\SYSTEM32;C:\WINDOWS\WinSxS\amd64_microsoft.windows.common-controls_6595b64144ccf1df_6.0.22000.120_none_9d947278b86cc467;C:\Program Files\Java\jdk-18.0.1.1\bin\server

VM Arguments:
jvm_args: -XX:+ShowCodeDetailsInExceptionMessages -agentlib:jdwp=transport=dt_socket,suspend=y,address=localhost:53967 -javaagent:C:\Users\vvpro\eclipse\java-2022-03\eclipse\configuration\org.eclipse.osgi\225\0\.cp\lib\javaagent-shaded.jar -Dfile.encoding=UTF-8 
java_command: com.med.rest.domain.RestApplication
java_class_path (initial): C:\Users\vvpro\Documents\Dev\Alura\Spring 3\rest.api\rest\target\classes;C:\Users\vvpro\.m2\repository\org\springframework\boot\spring-boot-starter-web\3.0.2\spring-boot-starter-web-3.0.2.jar;C:\Users\vvpro\.m2\repository\org\springframework\boot\spring-boot-starter\3.0.2\spring-boot-starter-3.0.2.jar;C:\Users\vvpro\.m2\repository\org\springframework\boot\spring-boot-starter-logging\3.0.2\spring-boot-starter-logging-3.0.2.jar;C:\Users\vvpro\.m2\repository\ch\qos\logback\logback-classic\1.4.5\logback-classic-1.4.5.jar;C:\Users\vvpro\.m2\repository\ch\qos\logback\logback-core\1.4.5\logback-core-1.4.5.jar;C:\Users\vvpro\.m2\repository\org\apache\logging\log4j\log4j-to-slf4j\2.19.0\log4j-to-slf4j-2.19.0.jar;C:\Users\vvpro\.m2\repository\org\apache\logging\log4j\log4j-api\2.19.0\log4j-api-2.19.0.jar;C:\Users\vvpro\.m2\repository\org\slf4j\jul-to-slf4j\2.0.6\jul-to-slf4j-2.0.6.jar;C:\Users\vvpro\.m2\repository\jakarta\annotation\jakarta.annotation-api\2.1.1\jakarta.annotation-api-2.1.1.jar;C:\Users\vvpro\.m2\repository\org\yaml\snakeyaml\1.33\snakeyaml-1.33.jar;C:\Users\vvpro\.m2\repository\org\springframework\boot\spring-boot-starter-json\3.0.2\spring-boot-starter-json-3.0.2.jar;C:\Users\vvpro\.m2\repository\com\fasterxml\jackson\core\jackson-databind\2.14.1\jackson-databind-2.14.1.jar;C:\Users\vvpro\.m2\repository\com\fasterxml\jackson\core\jackson-annotations\2.14.1\jackson-annotations-2.14.1.jar;C:\Users\vvpro\.m2\repository\com\fasterxml\jackson\core\jackson-core\2.14.1\jackson-core-2.14.1.jar;C:\Users\vvpro\.m2\repository\com\fasterxml\jackson\datatype\jackson-datatype-jdk8\2.14.1\jackson-datatype-jdk8-2.14.1.jar;C:\Users\vvpro\.m2\repository\com\fasterxml\jackson\datatype\jackson-datatype-jsr310\2.14.1\jackson-datatype-jsr310-2.14.1.jar;C:\Users\vvpro\.m2\repository\com\fasterxml\jackson\module\jackson-module-parameter-names\2.14.1\jackson-module-parameter-names-2.14.1.jar;C:\Users\vvpro\.m2\repository\org\springframework\boot\spring-boot-starter-tomcat\3.0.2\spring-boot-starter-tomcat-3.0.2.jar;C:\Users\vvpro\.m2\repository\org\apache\tomcat\embed\tomcat-embed-core\10.1.5\tomcat-embed-core-10.1.5.jar;C:\Users\vvpro\.m2\repository\org\apache\tomcat\embed\tomcat-embed-websocket\10.1.5\tomcat-embed-websocket-10.1.5.jar;C:\Users\vvpro\.m2\repository\org\springframework\spring-web\6.0.4\spring-web-6.0.4.jar;C:\Users\vvpro\.m2\repository\org\springframework\spring-beans\6.0.4\spring-beans-6.0.4.jar;C:\Users\vvpro\.m2\repository\io\micrometer\micrometer-observation\1.10.3\micrometer-observation-1.10.3.jar;C:\Users\vvpro\.m2\repository\io\micrometer\micrometer-commons\1.10.3\micrometer-commons-1.10.3.jar;C:\Users\vvpro\.m2\repository\org\springframework\spring-webmvc\6.0.4\spring-webmvc-6.0.4.jar;C:\Users\vvpro\.m2\repository\org\springframework\spring-aop\6.0.4\spring-aop-6.0.4.jar;C:\Users\vvpro\.m2\repository\org\springframework\spring-context\6.0.4\spring-context-6.0.4.jar;C:\Users\vvpro\.m2\repository\org\springframework\spring-expression\6.0.4\spring-expression-6.0.4.jar;C:\Users\vvpro\.m2\repository\org\springframework\boot\spring-boot-devtools\3.0.2\spring-boot-devtools-3.0.2.jar;C:\Users\vvpro\.m2\repository\org\springframework\boot\spring-boot\3.0.2\spring-boot-3.0.2.jar;C:\Users\vvpro\.m2\repository\org\springframework\boot\spring-boot-autoconfigure\3.0.2\spring-boot-autoconfigure-3.0.2.jar;C:\Users\vvpro\.m2\repository\org\projectlombok\lombok\1.18.24\lombok-1.18.24.jar;C:\Users\vvpro\.m2\repository\org\slf4j\slf4j-api\2.0.6\slf4j-api-2.0.6.jar;C:\Users\vvpro\.m2\repository\jakarta\xml\bind\jakarta.xml.bind-api\4.0.0\jakarta.xml.bind-api-4.0.0.jar;C:\Users\vvpro\.m2\repository\jakarta\activation\jakarta.activation-api\2.1.1\jakarta.activation-api-2.1.1.jar;C:\Users\vvpro\.m2\repository\net\bytebuddy\byte-buddy\1.12.22\byte-buddy-1.12.22.jar;C:\Users\vvpro\.m2\repository\org\springframework\spring-core\6.0.4\spring-core-6.0.4.jar;C:\Users\vvpro\.m2\repository\org\springframework\spring-jcl\6.0.4\spring-jcl-6.0.4.jar;C:\Users\vvpro\.m2\repository\org\springframework\boot\spring-boot-starter-data-jpa\3.0.2\spring-boot-starter-data-jpa-3.0.2.jar;C:\Users\vvpro\.m2\repository\org\springframework\boot\spring-boot-starter-aop\3.0.2\spring-boot-starter-aop-3.0.2.jar;C:\Users\vvpro\.m2\repository\org\aspectj\aspectjweaver\1.9.19\aspectjweaver-1.9.19.jar;C:\Users\vvpro\.m2\repository\org\springframework\boot\spring-boot-starter-jdbc\3.0.2\spring-boot-starter-jdbc-3.0.2.jar;C:\Users\vvpro\.m2\repository\com\zaxxer\HikariCP\5.0.1\HikariCP-5.0.1.jar;C:\Users\vvpro\.m2\repository\org\springframework\spring-jdbc\6.0.4\spring-jdbc-6.0.4.jar;C:\Users\vvpro\.m2\repository\org\hibernate\orm\hibernate-core\6.1.6.Final\hibernate-core-6.1.6.Final.jar;C:\Users\vvpro\.m2\repository\jakarta\persistence\jakarta.persistence-api\3.1.0\jakarta.persistence-api-3.1.0.jar;C:\Users\vvpro\.m2\repository\jakarta\transaction\jakarta.transaction-api\2.0.1\jakarta.transaction-api-2.0.1.jar;C:\Users\vvpro\.m2\repository\org\jboss\logging\jboss-logging\3.5.0.Final\jboss-logging-3.5.0.Final.jar;C:\Users\vvpro\.m2\repository\org\hibernate\common\hibernate-commons-annotations\6.0.2.Final\hibernate-commons-annotations-6.0.2.Final.jar;C:\Users\vvpro\.m2\repository\org\jboss\jandex\2.4.2.Final\jandex-2.4.2.Final.jar;C:\Users\vvpro\.m2\repository\com\fasterxml\classmate\1.5.1\classmate-1.5.1.jar;C:\Users\vvpro\.m2\repository\org\glassfish\jaxb\jaxb-runtime\4.0.1\jaxb-runtime-4.0.1.jar;C:\Users\vvpro\.m2\repository\org\glassfish\jaxb\jaxb-core\4.0.1\jaxb-core-4.0.1.jar;C:\Users\vvpro\.m2\repository\org\eclipse\angus\angus-activation\1.0.0\angus-activation-1.0.0.jar;C:\Users\vvpro\.m2\repository\org\glassfish\jaxb\txw2\4.0.1\txw2-4.0.1.jar;C:\Users\vvpro\.m2\repository\com\sun\istack\istack-commons-runtime\4.1.1\istack-commons-runtime-4.1.1.jar;C:\Users\vvpro\.m2\repository\jakarta\inject\jakarta.inject-api\2.0.0\jakarta.inject-api-2.0.0.jar;C:\Users\vvpro\.m2\repository\org\antlr\antlr4-runtime\4.10.1\antlr4-runtime-4.10.1.jar;C:\Users\vvpro\.m2\repository\org\springframework\data\spring-data-jpa\3.0.1\spring-data-jpa-3.0.1.jar;C:\Users\vvpro\.m2\repository\org\springframework\data\spring-data-commons\3.0.1\spring-data-commons-3.0.1.jar;C:\Users\vvpro\.m2\repository\org\springframework\spring-orm\6.0.4\spring-orm-6.0.4.jar;C:\Users\vvpro\.m2\repository\org\springframework\spring-tx\6.0.4\spring-tx-6.0.4.jar;C:\Users\vvpro\.m2\repository\org\springframework\spring-aspects\6.0.4\spring-aspects-6.0.4.jar;C:\Users\vvpro\.m2\repository\org\springframework\boot\spring-boot-starter-validation\3.0.2\spring-boot-starter-validation-3.0.2.jar;C:\Users\vvpro\.m2\repository\org\apache\tomcat\embed\tomcat-embed-el\10.1.5\tomcat-embed-el-10.1.5.jar;C:\Users\vvpro\.m2\repository\org\hibernate\validator\hibernate-validator\8.0.0.Final\hibernate-validator-8.0.0.Final.jar;C:\Users\vvpro\.m2\repository\jakarta\validation\jakarta.validation-api\3.0.2\jakarta.validation-api-3.0.2.jar;C:\Users\vvpro\.m2\repository\org\flywaydb\flyway-core\9.5.1\flyway-core-9.5.1.jar;C:\Users\vvpro\.m2\repository\com\electronwill\night-config\toml\3.6.6\toml-3.6.6.jar;C:\Users\vvpro\.m2\repository\com\electronwill\night-config\core\3.6.6\core-3.6.6.jar;C:\Users\vvpro\.m2\repository\org\flywaydb\flyway-mysql\9.5.1\flyway-mysql-9.5.1.jar;C:\Users\vvpro\.m2\repository\com\mysql\mysql-connector-j\8.0.32\mysql-connector-j-8.0.32.jar
Launcher Type: SUN_STANDARD

[Global flags]
     intx CICompilerCount                          = 4                                         {product} {ergonomic}
     uint ConcGCThreads                            = 2                                         {product} {ergonomic}
     uint G1ConcRefinementThreads                  = 8                                         {product} {ergonomic}
   size_t G1HeapRegionSize                         = 1048576                                   {product} {ergonomic}
    uintx GCDrainStackTargetSize                   = 64                                        {product} {ergonomic}
   size_t InitialHeapSize                          = 134217728                                 {product} {ergonomic}
   size_t MarkStackSize                            = 4194304                                   {product} {ergonomic}
   size_t MaxHeapSize                              = 2134900736                                {product} {ergonomic}
   size_t MaxNewSize                               = 1280311296                                {product} {ergonomic}
   size_t MinHeapDeltaBytes                        = 1048576                                   {product} {ergonomic}
   size_t MinHeapSize                              = 8388608                                   {product} {ergonomic}
    uintx NonNMethodCodeHeapSize                   = 5839372                                {pd product} {ergonomic}
    uintx NonProfiledCodeHeapSize                  = 122909434                              {pd product} {ergonomic}
    uintx ProfiledCodeHeapSize                     = 122909434                              {pd product} {ergonomic}
    uintx ReservedCodeCacheSize                    = 251658240                              {pd product} {ergonomic}
     bool SegmentedCodeCache                       = true                                      {product} {ergonomic}
     bool ShowCodeDetailsInExceptionMessages       = true                                   {manageable} {command line}
   size_t SoftMaxHeapSize                          = 2134900736                             {manageable} {ergonomic}
     bool UseCompressedClassPointers               = true                           {product lp64_product} {ergonomic}
     bool UseCompressedOops                        = true                           {product lp64_product} {ergonomic}
     bool UseG1GC                                  = true                                      {product} {ergonomic}
     bool UseLargePagesIndividualAllocation        = false                                  {pd product} {ergonomic}

Logging:
Log output configuration:
 #0: stdout all=warning uptime,level,tags foldmultilines=false
 #1: stderr all=off uptime,level,tags foldmultilines=false

Environment Variables:
JAVA_HOME=C:\Program Files\Java\jdk-18.0.1.1
PATH=C:/Program Files/Java/jdk-18.0.1.1/bin/server;C:/Program Files/Java/jdk-18.0.1.1/bin;C:\Program Files (x86)\Common Files\Intel\Shared Libraries\redist\intel64_win\compiler;C:\Program Files (x86)\Common Files\Oracle\Java\javapath;C:\WINDOWS\system32;C:\WINDOWS;C:\WINDOWS\System32\Wbem;C:\WINDOWS\System32\WindowsPowerShell\v1.0\;C:\WINDOWS\System32\OpenSSH\;C:\ProgramData\chocolatey\bin;C:\Program Files\Docker\Docker\resources\bin;C:\ProgramData\DockerDesktop\version-bin;C:\Program Files\Apache\maven\bin;C:\Program Files\Git\cmd;C:\Program Files\Dart\dart-sdk\bin;C:\Program Files\nodejs\;C:\Users\vvpro\AppData\Local\Microsoft\WindowsApps;C:\Users\vvpro\AppData\Local\Programs\Microsoft VS Code\bin;C:\Users\vvpro\AppData\Local\GitHubDesktop\bin;C:\Program Files\JetBrains\IntelliJ IDEA 2022.1\bin;;;C:\Program Files\JetBrains\IntelliJ IDEA Community Edition 2022.2.2\bin;;C:\tools\dart-sdk\bin;C:\Users\vvpro\AppData\Roaming\Pub\Cache\bin;C:\Users\vvpro\AppData\Roaming\npm;C:\WINDOWS\system32;
USERNAME=vvpro
OS=Windows_NT
PROCESSOR_IDENTIFIER=AMD64 Family 23 Model 113 Stepping 0, AuthenticAMD



---------------  S Y S T E M  ---------------

OS:
 Windows 11 , 64 bit Build 22000 (10.0.22000.1335)
OS uptime: 0 days 0:47 hours
Hyper-V role detected

CPU: total 8 (initial active 8) (8 cores per cpu, 2 threads per core) family 23 model 113 stepping 0 microcode 0x0, cx8, cmov, fxsr, ht, mmx, 3dnowpref, sse, sse2, sse3, ssse3, sse4a, sse4.1, sse4.2, popcnt, lzcnt, tsc, tscinvbit, avx, avx2, aes, clmul, bmi1, bmi2, adx, sha, fma, vzeroupper, clflush, clflushopt, hv

Memory: 4k page, system-wide physical 8143M (1115M free)
TotalPageFile size 18383M (AvailPageFile size 3881M)
current process WorkingSet (physical memory assigned to process): 251M, peak: 351M
current process commit charge ("private bytes"): 300M, peak: 391M

vm_info: Java HotSpot(TM) 64-Bit Server VM (18.0.1.1+2-6) for windows-amd64 JRE (18.0.1.1+2-6), built on Apr 25 2022 21:53:15 by "mach5one" with MS VC++ 16.8 / 16.9 (VS2019)

END.
